2023-42-10 09:42:13.654 [main] INFO  ru.project.IStudyEnglish.Main - Starting Main using Java 18.0.2 on MacBook-Air-Vladimir.local with PID 36930 (/Users/vladimir/IdeaProjects/IStudyEnglish/target/classes started by vladimir in /Users/vladimir/IdeaProjects/IStudyEnglish)
2023-42-10 09:42:13.657 [main] INFO  ru.project.IStudyEnglish.Main - The following 1 profile is active: """"
2023-42-10 09:42:14.107 [main] INFO  org.springframework.boot.web.embedded.tomcat.TomcatWebServer - Tomcat initialized with port(s): 8080 (http)
2023-42-10 09:42:14.155 [main] INFO  org.springframework.boot.web.servlet.context.ServletWebServerApplicationContext - Root WebApplicationContext: initialization completed in 478 ms
2023-42-10 09:42:14.193 [main] INFO  org.springframework.beans.factory.annotation.AutowiredAnnotationBeanPostProcessor - Autowired annotation should only be used on methods with parameters: public void ru.project.IStudyEnglish.TestDI.rim.rim()
2023-42-10 09:42:14.194 [main] ERROR ru.project.IStudyEnglish.TestDI.rim - rim created
2023-42-10 09:42:14.194 [main] ERROR ru.project.IStudyEnglish.TestDI.wheel - wheel created
2023-42-10 09:42:14.194 [main] ERROR ru.project.IStudyEnglish.TestDI.rim - rim created
2023-42-10 09:42:14.195 [main] ERROR ru.project.IStudyEnglish.TestDI.wheel - wheel created
2023-42-10 09:42:14.195 [main] ERROR ru.project.IStudyEnglish.TestDI.rim - rim created
2023-42-10 09:42:14.195 [main] ERROR ru.project.IStudyEnglish.TestDI.wheel - wheel created
2023-42-10 09:42:14.195 [main] ERROR ru.project.IStudyEnglish.TestDI.rim - rim created
2023-42-10 09:42:14.195 [main] ERROR ru.project.IStudyEnglish.TestDI.wheel - wheel created
2023-42-10 09:42:14.195 [main] ERROR ru.project.IStudyEnglish.TestDI.Car - car created
2023-42-10 09:42:14.584 [main] INFO  org.springframework.boot.web.embedded.tomcat.TomcatWebServer - Tomcat started on port(s): 8080 (http) with context path ''
2023-42-10 09:42:14.589 [main] INFO  ru.project.IStudyEnglish.Main - Started Main in 1.062 seconds (JVM running for 1.506)
2023-42-10 09:42:14.590 [main] INFO  ru.project.IStudyEnglish.Main - The application is started
2023-42-10 09:42:42.909 [http-nio-8080-exec-1] INFO  org.springframework.web.servlet.DispatcherServlet - Initializing Servlet 'dispatcherServlet'
2023-42-10 09:42:42.911 [http-nio-8080-exec-1] INFO  org.springframework.web.servlet.DispatcherServlet - Completed initialization in 2 ms
2023-43-10 09:43:26.105 [main] INFO  ru.project.IStudyEnglish.Main - Starting Main using Java 18.0.2 on MacBook-Air-Vladimir.local with PID 36947 (/Users/vladimir/IdeaProjects/IStudyEnglish/target/classes started by vladimir in /Users/vladimir/IdeaProjects/IStudyEnglish)
2023-43-10 09:43:26.108 [main] INFO  ru.project.IStudyEnglish.Main - The following 1 profile is active: """"
2023-43-10 09:43:26.564 [main] INFO  org.springframework.boot.web.embedded.tomcat.TomcatWebServer - Tomcat initialized with port(s): 8080 (http)
2023-43-10 09:43:26.609 [main] INFO  org.springframework.boot.web.servlet.context.ServletWebServerApplicationContext - Root WebApplicationContext: initialization completed in 483 ms
2023-43-10 09:43:26.647 [main] INFO  org.springframework.beans.factory.annotation.AutowiredAnnotationBeanPostProcessor - Autowired annotation should only be used on methods with parameters: public void ru.project.IStudyEnglish.TestDI.rim.rim()
2023-43-10 09:43:26.648 [main] ERROR ru.project.IStudyEnglish.TestDI.rim - rim created
2023-43-10 09:43:26.649 [main] ERROR ru.project.IStudyEnglish.TestDI.wheel - wheel created
2023-43-10 09:43:26.649 [main] ERROR ru.project.IStudyEnglish.TestDI.rim - rim created
2023-43-10 09:43:26.649 [main] ERROR ru.project.IStudyEnglish.TestDI.wheel - wheel created
2023-43-10 09:43:26.649 [main] ERROR ru.project.IStudyEnglish.TestDI.rim - rim created
2023-43-10 09:43:26.649 [main] ERROR ru.project.IStudyEnglish.TestDI.wheel - wheel created
2023-43-10 09:43:26.650 [main] ERROR ru.project.IStudyEnglish.TestDI.rim - rim created
2023-43-10 09:43:26.650 [main] ERROR ru.project.IStudyEnglish.TestDI.wheel - wheel created
2023-43-10 09:43:26.650 [main] ERROR ru.project.IStudyEnglish.TestDI.Car - car created
2023-43-10 09:43:27.039 [main] INFO  org.springframework.boot.web.embedded.tomcat.TomcatWebServer - Tomcat started on port(s): 8080 (http) with context path ''
2023-43-10 09:43:27.044 [main] INFO  ru.project.IStudyEnglish.Main - Started Main in 1.063 seconds (JVM running for 1.432)
2023-43-10 09:43:27.044 [main] INFO  ru.project.IStudyEnglish.Main - The application is started
2023-43-10 09:43:32.318 [http-nio-8080-exec-1] INFO  org.springframework.web.servlet.DispatcherServlet - Initializing Servlet 'dispatcherServlet'
2023-43-10 09:43:32.322 [http-nio-8080-exec-1] INFO  org.springframework.web.servlet.DispatcherServlet - Completed initialization in 3 ms
2023-43-10 09:43:32.642 [http-nio-8080-exec-1] INFO  org.springframework.beans.factory.annotation.AutowiredAnnotationBeanPostProcessor - Autowired annotation should only be used on methods with parameters: public void ru.project.IStudyEnglish.TestDI.rim.rim()
2023-43-10 09:43:32.644 [http-nio-8080-exec-1] ERROR ru.project.IStudyEnglish.TestDI.rim - rim created
2023-43-10 09:43:32.645 [http-nio-8080-exec-1] ERROR ru.project.IStudyEnglish.TestDI.wheel - wheel created
2023-43-10 09:43:32.646 [http-nio-8080-exec-1] ERROR ru.project.IStudyEnglish.TestDI.rim - rim created
2023-43-10 09:43:32.647 [http-nio-8080-exec-1] ERROR ru.project.IStudyEnglish.TestDI.wheel - wheel created
2023-43-10 09:43:32.648 [http-nio-8080-exec-1] ERROR ru.project.IStudyEnglish.TestDI.rim - rim created
2023-43-10 09:43:32.648 [http-nio-8080-exec-1] ERROR ru.project.IStudyEnglish.TestDI.wheel - wheel created
2023-43-10 09:43:32.649 [http-nio-8080-exec-1] ERROR ru.project.IStudyEnglish.TestDI.rim - rim created
2023-43-10 09:43:32.649 [http-nio-8080-exec-1] ERROR ru.project.IStudyEnglish.TestDI.wheel - wheel created
2023-43-10 09:43:32.649 [http-nio-8080-exec-1] ERROR ru.project.IStudyEnglish.TestDI.Car - car created
2023-43-10 09:43:32.660 [http-nio-8080-exec-1] WARN  org.springframework.context.support.ClassPathXmlApplicationContext - Exception encountered during context initialization - cancelling refresh attempt: org.springframework.beans.factory.BeanCreationException: Error creating bean with name 'springApplicationAdminRegistrar' defined in class path resource [org/springframework/boot/autoconfigure/admin/SpringApplicationAdminJmxAutoConfiguration.class]: Invocation of init method failed; nested exception is javax.management.InstanceAlreadyExistsException: org.springframework.boot:type=Admin,name=SpringApplication
2023-46-10 09:46:00.014 [main] INFO  ru.project.IStudyEnglish.Main - Starting Main using Java 18.0.2 on MacBook-Air-Vladimir.local with PID 36965 (/Users/vladimir/IdeaProjects/IStudyEnglish/target/classes started by vladimir in /Users/vladimir/IdeaProjects/IStudyEnglish)
2023-46-10 09:46:00.018 [main] INFO  ru.project.IStudyEnglish.Main - The following 1 profile is active: """"
2023-46-10 09:46:00.466 [main] INFO  org.springframework.boot.web.embedded.tomcat.TomcatWebServer - Tomcat initialized with port(s): 8080 (http)
2023-46-10 09:46:00.512 [main] INFO  org.springframework.boot.web.servlet.context.ServletWebServerApplicationContext - Root WebApplicationContext: initialization completed in 474 ms
2023-46-10 09:46:00.551 [main] INFO  org.springframework.beans.factory.annotation.AutowiredAnnotationBeanPostProcessor - Autowired annotation should only be used on methods with parameters: public void ru.project.IStudyEnglish.TestDI.rim.rim()
2023-46-10 09:46:00.551 [main] ERROR ru.project.IStudyEnglish.TestDI.rim - rim created
2023-46-10 09:46:00.552 [main] ERROR ru.project.IStudyEnglish.TestDI.wheel - wheel created
2023-46-10 09:46:00.552 [main] ERROR ru.project.IStudyEnglish.TestDI.rim - rim created
2023-46-10 09:46:00.552 [main] ERROR ru.project.IStudyEnglish.TestDI.wheel - wheel created
2023-46-10 09:46:00.552 [main] ERROR ru.project.IStudyEnglish.TestDI.rim - rim created
2023-46-10 09:46:00.552 [main] ERROR ru.project.IStudyEnglish.TestDI.wheel - wheel created
2023-46-10 09:46:00.552 [main] ERROR ru.project.IStudyEnglish.TestDI.rim - rim created
2023-46-10 09:46:00.553 [main] ERROR ru.project.IStudyEnglish.TestDI.wheel - wheel created
2023-46-10 09:46:00.553 [main] ERROR ru.project.IStudyEnglish.TestDI.Car - car created
2023-46-10 09:46:00.926 [main] INFO  org.springframework.boot.web.embedded.tomcat.TomcatWebServer - Tomcat started on port(s): 8080 (http) with context path ''
2023-46-10 09:46:00.932 [main] INFO  ru.project.IStudyEnglish.Main - Started Main in 1.028 seconds (JVM running for 1.551)
2023-46-10 09:46:00.933 [main] INFO  ru.project.IStudyEnglish.Main - The application is started
2023-46-10 09:46:08.838 [http-nio-8080-exec-1] INFO  org.springframework.web.servlet.DispatcherServlet - Initializing Servlet 'dispatcherServlet'
2023-46-10 09:46:08.839 [http-nio-8080-exec-1] INFO  org.springframework.web.servlet.DispatcherServlet - Completed initialization in 1 ms
2023-59-10 09:59:50.513 [main] INFO  ru.project.IStudyEnglish.Main - Starting Main using Java 18.0.2 on MacBook-Air-Vladimir.local with PID 37075 (/Users/vladimir/IdeaProjects/IStudyEnglish/target/classes started by vladimir in /Users/vladimir/IdeaProjects/IStudyEnglish)
2023-59-10 09:59:50.516 [main] INFO  ru.project.IStudyEnglish.Main - The following 1 profile is active: """"
2023-59-10 09:59:51.026 [main] INFO  org.springframework.boot.web.embedded.tomcat.TomcatWebServer - Tomcat initialized with port(s): 8080 (http)
2023-59-10 09:59:51.072 [main] INFO  org.springframework.boot.web.servlet.context.ServletWebServerApplicationContext - Root WebApplicationContext: initialization completed in 535 ms
2023-59-10 09:59:51.108 [main] INFO  org.springframework.beans.factory.annotation.AutowiredAnnotationBeanPostProcessor - Autowired annotation should only be used on methods with parameters: public void ru.project.IStudyEnglish.TestDI.rim.rim()
2023-59-10 09:59:51.109 [main] ERROR ru.project.IStudyEnglish.TestDI.rim - rim created
2023-59-10 09:59:51.109 [main] ERROR ru.project.IStudyEnglish.TestDI.wheel - wheel created
2023-59-10 09:59:51.109 [main] ERROR ru.project.IStudyEnglish.TestDI.rim - rim created
2023-59-10 09:59:51.109 [main] ERROR ru.project.IStudyEnglish.TestDI.wheel - wheel created
2023-59-10 09:59:51.110 [main] ERROR ru.project.IStudyEnglish.TestDI.rim - rim created
2023-59-10 09:59:51.110 [main] ERROR ru.project.IStudyEnglish.TestDI.wheel - wheel created
2023-59-10 09:59:51.110 [main] ERROR ru.project.IStudyEnglish.TestDI.rim - rim created
2023-59-10 09:59:51.110 [main] ERROR ru.project.IStudyEnglish.TestDI.wheel - wheel created
2023-59-10 09:59:51.111 [main] ERROR ru.project.IStudyEnglish.TestDI.Car - car created
2023-59-10 09:59:51.632 [main] INFO  org.springframework.boot.web.embedded.tomcat.TomcatWebServer - Tomcat started on port(s): 8080 (http) with context path ''
2023-59-10 09:59:51.637 [main] INFO  ru.project.IStudyEnglish.Main - Started Main in 1.233 seconds (JVM running for 1.782)
2023-59-10 09:59:51.637 [main] INFO  ru.project.IStudyEnglish.Main - The application is started
2023-59-10 09:59:53.243 [http-nio-8080-exec-1] INFO  org.springframework.web.servlet.DispatcherServlet - Initializing Servlet 'dispatcherServlet'
2023-59-10 09:59:53.244 [http-nio-8080-exec-1] INFO  org.springframework.web.servlet.DispatcherServlet - Completed initialization in 1 ms
2023-02-10 10:02:03.236 [main] INFO  ru.project.IStudyEnglish.Main - Starting Main using Java 18.0.2 on MacBook-Air-Vladimir.local with PID 37115 (/Users/vladimir/IdeaProjects/IStudyEnglish/target/classes started by vladimir in /Users/vladimir/IdeaProjects/IStudyEnglish)
2023-02-10 10:02:03.239 [main] INFO  ru.project.IStudyEnglish.Main - The following 1 profile is active: """"
2023-02-10 10:02:03.678 [main] INFO  org.springframework.boot.web.embedded.tomcat.TomcatWebServer - Tomcat initialized with port(s): 8080 (http)
2023-02-10 10:02:03.724 [main] INFO  org.springframework.boot.web.servlet.context.ServletWebServerApplicationContext - Root WebApplicationContext: initialization completed in 466 ms
2023-02-10 10:02:03.759 [main] INFO  org.springframework.beans.factory.annotation.AutowiredAnnotationBeanPostProcessor - Autowired annotation should only be used on methods with parameters: public void ru.project.IStudyEnglish.TestDI.rim.rim()
2023-02-10 10:02:03.760 [main] ERROR ru.project.IStudyEnglish.TestDI.rim - rim created
2023-02-10 10:02:03.761 [main] ERROR ru.project.IStudyEnglish.TestDI.wheel - wheel created
2023-02-10 10:02:03.761 [main] ERROR ru.project.IStudyEnglish.TestDI.rim - rim created
2023-02-10 10:02:03.761 [main] ERROR ru.project.IStudyEnglish.TestDI.wheel - wheel created
2023-02-10 10:02:03.761 [main] ERROR ru.project.IStudyEnglish.TestDI.rim - rim created
2023-02-10 10:02:03.761 [main] ERROR ru.project.IStudyEnglish.TestDI.wheel - wheel created
2023-02-10 10:02:03.761 [main] ERROR ru.project.IStudyEnglish.TestDI.rim - rim created
2023-02-10 10:02:03.762 [main] ERROR ru.project.IStudyEnglish.TestDI.wheel - wheel created
2023-02-10 10:02:03.762 [main] ERROR ru.project.IStudyEnglish.TestDI.Car - car created
2023-02-10 10:02:04.142 [main] INFO  org.springframework.boot.web.embedded.tomcat.TomcatWebServer - Tomcat started on port(s): 8080 (http) with context path ''
2023-02-10 10:02:04.147 [main] INFO  ru.project.IStudyEnglish.Main - Started Main in 1.019 seconds (JVM running for 1.48)
2023-02-10 10:02:04.148 [main] INFO  ru.project.IStudyEnglish.Main - The application is started
2023-02-10 10:02:08.766 [http-nio-8080-exec-1] INFO  org.springframework.web.servlet.DispatcherServlet - Initializing Servlet 'dispatcherServlet'
2023-02-10 10:02:08.767 [http-nio-8080-exec-1] INFO  org.springframework.web.servlet.DispatcherServlet - Completed initialization in 1 ms
2023-02-10 10:02:08.786 [http-nio-8080-exec-1] ERROR ru.project.IStudyEnglish.controllers.rest.NextTaskController - test value propertytext test variable
2023-03-10 10:03:59.584 [main] INFO  ru.project.IStudyEnglish.Main - Starting Main using Java 18.0.2 on MacBook-Air-Vladimir.local with PID 37381 (/Users/vladimir/IdeaProjects/IStudyEnglish/target/classes started by vladimir in /Users/vladimir/IdeaProjects/IStudyEnglish)
2023-03-10 10:03:59.588 [main] INFO  ru.project.IStudyEnglish.Main - The following 1 profile is active: """"
2023-04-10 10:04:00.080 [main] INFO  org.springframework.boot.web.embedded.tomcat.TomcatWebServer - Tomcat initialized with port(s): 8080 (http)
2023-04-10 10:04:00.130 [main] INFO  org.springframework.boot.web.servlet.context.ServletWebServerApplicationContext - Root WebApplicationContext: initialization completed in 519 ms
2023-04-10 10:04:00.170 [main] INFO  org.springframework.beans.factory.annotation.AutowiredAnnotationBeanPostProcessor - Autowired annotation should only be used on methods with parameters: public void ru.project.IStudyEnglish.TestDI.rim.rim()
2023-04-10 10:04:00.170 [main] ERROR ru.project.IStudyEnglish.TestDI.rim - rim created
2023-04-10 10:04:00.171 [main] ERROR ru.project.IStudyEnglish.TestDI.wheel - wheel created
2023-04-10 10:04:00.171 [main] ERROR ru.project.IStudyEnglish.TestDI.rim - rim created
2023-04-10 10:04:00.171 [main] ERROR ru.project.IStudyEnglish.TestDI.wheel - wheel created
2023-04-10 10:04:00.171 [main] ERROR ru.project.IStudyEnglish.TestDI.rim - rim created
2023-04-10 10:04:00.171 [main] ERROR ru.project.IStudyEnglish.TestDI.wheel - wheel created
2023-04-10 10:04:00.172 [main] ERROR ru.project.IStudyEnglish.TestDI.rim - rim created
2023-04-10 10:04:00.172 [main] ERROR ru.project.IStudyEnglish.TestDI.wheel - wheel created
2023-04-10 10:04:00.172 [main] ERROR ru.project.IStudyEnglish.TestDI.Car - car created
2023-04-10 10:04:00.586 [main] INFO  org.springframework.boot.web.embedded.tomcat.TomcatWebServer - Tomcat started on port(s): 8080 (http) with context path ''
2023-04-10 10:04:00.591 [main] INFO  ru.project.IStudyEnglish.Main - Started Main in 1.15 seconds (JVM running for 1.632)
2023-04-10 10:04:00.593 [main] INFO  ru.project.IStudyEnglish.Main - The application is started
2023-04-10 10:04:03.825 [http-nio-8080-exec-1] INFO  org.springframework.web.servlet.DispatcherServlet - Initializing Servlet 'dispatcherServlet'
2023-04-10 10:04:03.827 [http-nio-8080-exec-1] INFO  org.springframework.web.servlet.DispatcherServlet - Completed initialization in 1 ms
2023-04-10 10:04:03.845 [http-nio-8080-exec-1] ERROR ru.project.IStudyEnglish.TestDI.Car - car created
2023-13-10 10:13:52.958 [main] INFO  ru.project.IStudyEnglish.Main - Starting Main using Java 18.0.2 on MacBook-Air-Vladimir.local with PID 37486 (/Users/vladimir/IdeaProjects/IStudyEnglish/target/classes started by vladimir in /Users/vladimir/IdeaProjects/IStudyEnglish)
2023-13-10 10:13:52.961 [main] INFO  ru.project.IStudyEnglish.Main - The following 1 profile is active: """"
2023-13-10 10:13:53.428 [main] INFO  org.springframework.boot.web.embedded.tomcat.TomcatWebServer - Tomcat initialized with port(s): 8080 (http)
2023-13-10 10:13:53.496 [main] INFO  org.springframework.boot.web.servlet.context.ServletWebServerApplicationContext - Root WebApplicationContext: initialization completed in 515 ms
2023-13-10 10:13:53.551 [main] INFO  org.springframework.beans.factory.annotation.AutowiredAnnotationBeanPostProcessor - Autowired annotation should only be used on methods with parameters: public void ru.project.IStudyEnglish.TestDI.rim.rim()
2023-13-10 10:13:53.552 [main] ERROR ru.project.IStudyEnglish.TestDI.rim - rim created
2023-13-10 10:13:53.553 [main] ERROR ru.project.IStudyEnglish.TestDI.wheel - wheel created
2023-13-10 10:13:53.553 [main] ERROR ru.project.IStudyEnglish.TestDI.rim - rim created
2023-13-10 10:13:53.553 [main] ERROR ru.project.IStudyEnglish.TestDI.wheel - wheel created
2023-13-10 10:13:53.553 [main] ERROR ru.project.IStudyEnglish.TestDI.rim - rim created
2023-13-10 10:13:53.553 [main] ERROR ru.project.IStudyEnglish.TestDI.wheel - wheel created
2023-13-10 10:13:53.553 [main] ERROR ru.project.IStudyEnglish.TestDI.rim - rim created
2023-13-10 10:13:53.554 [main] ERROR ru.project.IStudyEnglish.TestDI.wheel - wheel created
2023-13-10 10:13:53.555 [main] WARN  org.springframework.boot.web.servlet.context.AnnotationConfigServletWebServerApplicationContext - Exception encountered during context initialization - cancelling refresh attempt: org.springframework.beans.factory.UnsatisfiedDependencyException: Error creating bean with name 'car' defined in file [/Users/vladimir/IdeaProjects/IStudyEnglish/target/classes/ru/project/IStudyEnglish/TestDI/Car.class]: Unsatisfied dependency expressed through constructor parameter 4; nested exception is org.springframework.beans.factory.UnsatisfiedDependencyException: Error creating bean with name 'color' defined in file [/Users/vladimir/IdeaProjects/IStudyEnglish/target/classes/ru/project/IStudyEnglish/TestDI/Color.class]: Unsatisfied dependency expressed through constructor parameter 0; nested exception is org.springframework.beans.factory.NoSuchBeanDefinitionException: No qualifying bean of type 'java.lang.String' available: expected at least 1 bean which qualifies as autowire candidate. Dependency annotations: {}
2023-13-10 10:13:53.564 [main] INFO  org.springframework.boot.autoconfigure.logging.ConditionEvaluationReportLoggingListener - 

Error starting ApplicationContext. To display the conditions report re-run your application with 'debug' enabled.
2023-13-10 10:13:53.574 [main] ERROR org.springframework.boot.diagnostics.LoggingFailureAnalysisReporter - 

***************************
APPLICATION FAILED TO START
***************************

Description:

Parameter 0 of constructor in ru.project.IStudyEnglish.TestDI.Color required a bean of type 'java.lang.String' that could not be found.


Action:

Consider defining a bean of type 'java.lang.String' in your configuration.

2023-16-10 10:16:08.563 [main] INFO  ru.project.IStudyEnglish.Main - Starting Main using Java 18.0.2 on MacBook-Air-Vladimir.local with PID 37505 (/Users/vladimir/IdeaProjects/IStudyEnglish/target/classes started by vladimir in /Users/vladimir/IdeaProjects/IStudyEnglish)
2023-16-10 10:16:08.566 [main] INFO  ru.project.IStudyEnglish.Main - The following 1 profile is active: """"
2023-16-10 10:16:09.021 [main] INFO  org.springframework.boot.web.embedded.tomcat.TomcatWebServer - Tomcat initialized with port(s): 8080 (http)
2023-16-10 10:16:09.071 [main] INFO  org.springframework.boot.web.servlet.context.ServletWebServerApplicationContext - Root WebApplicationContext: initialization completed in 486 ms
2023-16-10 10:16:09.113 [main] INFO  org.springframework.beans.factory.annotation.AutowiredAnnotationBeanPostProcessor - Autowired annotation should only be used on methods with parameters: public void ru.project.IStudyEnglish.TestDI.rim.rim()
2023-16-10 10:16:09.114 [main] ERROR ru.project.IStudyEnglish.TestDI.rim - rim created
2023-16-10 10:16:09.114 [main] ERROR ru.project.IStudyEnglish.TestDI.wheel - wheel created
2023-16-10 10:16:09.115 [main] ERROR ru.project.IStudyEnglish.TestDI.rim - rim created
2023-16-10 10:16:09.115 [main] ERROR ru.project.IStudyEnglish.TestDI.wheel - wheel created
2023-16-10 10:16:09.115 [main] ERROR ru.project.IStudyEnglish.TestDI.rim - rim created
2023-16-10 10:16:09.115 [main] ERROR ru.project.IStudyEnglish.TestDI.wheel - wheel created
2023-16-10 10:16:09.115 [main] ERROR ru.project.IStudyEnglish.TestDI.rim - rim created
2023-16-10 10:16:09.115 [main] ERROR ru.project.IStudyEnglish.TestDI.wheel - wheel created
2023-16-10 10:16:09.116 [main] WARN  org.springframework.boot.web.servlet.context.AnnotationConfigServletWebServerApplicationContext - Exception encountered during context initialization - cancelling refresh attempt: org.springframework.beans.factory.UnsatisfiedDependencyException: Error creating bean with name 'car' defined in file [/Users/vladimir/IdeaProjects/IStudyEnglish/target/classes/ru/project/IStudyEnglish/TestDI/Car.class]: Unsatisfied dependency expressed through constructor parameter 4; nested exception is org.springframework.beans.factory.UnsatisfiedDependencyException: Error creating bean with name 'color' defined in file [/Users/vladimir/IdeaProjects/IStudyEnglish/target/classes/ru/project/IStudyEnglish/TestDI/Color.class]: Unsatisfied dependency expressed through constructor parameter 0; nested exception is org.springframework.beans.factory.NoSuchBeanDefinitionException: No qualifying bean of type 'java.lang.String' available: expected at least 1 bean which qualifies as autowire candidate. Dependency annotations: {}
2023-16-10 10:16:09.125 [main] INFO  org.springframework.boot.autoconfigure.logging.ConditionEvaluationReportLoggingListener - 

Error starting ApplicationContext. To display the conditions report re-run your application with 'debug' enabled.
2023-16-10 10:16:09.133 [main] ERROR org.springframework.boot.diagnostics.LoggingFailureAnalysisReporter - 

***************************
APPLICATION FAILED TO START
***************************

Description:

Parameter 0 of constructor in ru.project.IStudyEnglish.TestDI.Color required a bean of type 'java.lang.String' that could not be found.


Action:

Consider defining a bean of type 'java.lang.String' in your configuration.

2023-17-10 10:17:23.950 [main] INFO  ru.project.IStudyEnglish.Main - Starting Main using Java 18.0.2 on MacBook-Air-Vladimir.local with PID 37519 (/Users/vladimir/IdeaProjects/IStudyEnglish/target/classes started by vladimir in /Users/vladimir/IdeaProjects/IStudyEnglish)
2023-17-10 10:17:23.954 [main] INFO  ru.project.IStudyEnglish.Main - The following 1 profile is active: """"
2023-17-10 10:17:24.407 [main] INFO  org.springframework.boot.web.embedded.tomcat.TomcatWebServer - Tomcat initialized with port(s): 8080 (http)
2023-17-10 10:17:24.451 [main] INFO  org.springframework.boot.web.servlet.context.ServletWebServerApplicationContext - Root WebApplicationContext: initialization completed in 480 ms
2023-17-10 10:17:24.486 [main] ERROR ru.project.IStudyEnglish.TestDI.wheel - wheel created
2023-17-10 10:17:24.487 [main] ERROR ru.project.IStudyEnglish.TestDI.wheel - wheel created
2023-17-10 10:17:24.487 [main] ERROR ru.project.IStudyEnglish.TestDI.wheel - wheel created
2023-17-10 10:17:24.487 [main] ERROR ru.project.IStudyEnglish.TestDI.wheel - wheel created
2023-17-10 10:17:24.488 [main] ERROR ru.project.IStudyEnglish.TestDI.Car - car ru.project.IStudyEnglish.TestDI.Color@40de8f93 created
2023-17-10 10:17:24.876 [main] INFO  org.springframework.boot.web.embedded.tomcat.TomcatWebServer - Tomcat started on port(s): 8080 (http) with context path ''
2023-17-10 10:17:24.881 [main] INFO  ru.project.IStudyEnglish.Main - Started Main in 1.054 seconds (JVM running for 1.4)
2023-17-10 10:17:24.882 [main] INFO  ru.project.IStudyEnglish.Main - The application is started
2023-17-10 10:17:29.256 [http-nio-8080-exec-1] INFO  org.springframework.web.servlet.DispatcherServlet - Initializing Servlet 'dispatcherServlet'
2023-17-10 10:17:29.258 [http-nio-8080-exec-1] INFO  org.springframework.web.servlet.DispatcherServlet - Completed initialization in 1 ms
2023-18-10 10:18:44.072 [main] INFO  ru.project.IStudyEnglish.Main - Starting Main using Java 18.0.2 on MacBook-Air-Vladimir.local with PID 37541 (/Users/vladimir/IdeaProjects/IStudyEnglish/target/classes started by vladimir in /Users/vladimir/IdeaProjects/IStudyEnglish)
2023-18-10 10:18:44.075 [main] INFO  ru.project.IStudyEnglish.Main - The following 1 profile is active: """"
2023-18-10 10:18:44.640 [main] INFO  org.springframework.boot.web.embedded.tomcat.TomcatWebServer - Tomcat initialized with port(s): 8080 (http)
2023-18-10 10:18:44.688 [main] INFO  org.springframework.boot.web.servlet.context.ServletWebServerApplicationContext - Root WebApplicationContext: initialization completed in 593 ms
2023-18-10 10:18:44.724 [main] ERROR ru.project.IStudyEnglish.TestDI.wheel - wheel created
2023-18-10 10:18:44.724 [main] ERROR ru.project.IStudyEnglish.TestDI.wheel - wheel created
2023-18-10 10:18:44.724 [main] ERROR ru.project.IStudyEnglish.TestDI.wheel - wheel created
2023-18-10 10:18:44.725 [main] ERROR ru.project.IStudyEnglish.TestDI.wheel - wheel created
2023-18-10 10:18:44.726 [main] ERROR ru.project.IStudyEnglish.TestDI.Car - car ru.project.IStudyEnglish.TestDI.Color@18b74ea created
2023-18-10 10:18:45.106 [main] INFO  org.springframework.boot.web.embedded.tomcat.TomcatWebServer - Tomcat started on port(s): 8080 (http) with context path ''
2023-18-10 10:18:45.111 [main] INFO  ru.project.IStudyEnglish.Main - Started Main in 1.168 seconds (JVM running for 1.888)
2023-18-10 10:18:45.112 [main] INFO  ru.project.IStudyEnglish.Main - The application is started
2023-18-10 10:18:45.382 [http-nio-8080-exec-1] INFO  org.springframework.web.servlet.DispatcherServlet - Initializing Servlet 'dispatcherServlet'
2023-18-10 10:18:45.383 [http-nio-8080-exec-1] INFO  org.springframework.web.servlet.DispatcherServlet - Completed initialization in 0 ms
2023-22-10 10:22:19.646 [main] INFO  ru.project.IStudyEnglish.Main - Starting Main using Java 18.0.2 on MacBook-Air-Vladimir.local with PID 37594 (/Users/vladimir/IdeaProjects/IStudyEnglish/target/classes started by vladimir in /Users/vladimir/IdeaProjects/IStudyEnglish)
2023-22-10 10:22:19.649 [main] INFO  ru.project.IStudyEnglish.Main - The following 1 profile is active: """"
2023-22-10 10:22:20.335 [main] INFO  org.springframework.boot.web.embedded.tomcat.TomcatWebServer - Tomcat initialized with port(s): 8080 (http)
2023-22-10 10:22:20.383 [main] INFO  org.springframework.boot.web.servlet.context.ServletWebServerApplicationContext - Root WebApplicationContext: initialization completed in 716 ms
2023-22-10 10:22:20.425 [main] ERROR ru.project.IStudyEnglish.TestDI.wheel - wheel created
2023-22-10 10:22:20.425 [main] ERROR ru.project.IStudyEnglish.TestDI.wheel - wheel created
2023-22-10 10:22:20.425 [main] ERROR ru.project.IStudyEnglish.TestDI.wheel - wheel created
2023-22-10 10:22:20.426 [main] ERROR ru.project.IStudyEnglish.TestDI.wheel - wheel created
2023-22-10 10:22:20.427 [main] ERROR ru.project.IStudyEnglish.TestDI.Car - car ru.project.IStudyEnglish.TestDI.Color@62a68bcb created
2023-22-10 10:22:20.895 [main] INFO  org.springframework.boot.web.embedded.tomcat.TomcatWebServer - Tomcat started on port(s): 8080 (http) with context path ''
2023-22-10 10:22:20.900 [main] INFO  ru.project.IStudyEnglish.Main - Started Main in 1.364 seconds (JVM running for 1.91)
2023-22-10 10:22:20.902 [main] INFO  ru.project.IStudyEnglish.Main - The application is started
2023-22-10 10:22:22.366 [http-nio-8080-exec-1] INFO  org.springframework.web.servlet.DispatcherServlet - Initializing Servlet 'dispatcherServlet'
2023-22-10 10:22:22.367 [http-nio-8080-exec-1] INFO  org.springframework.web.servlet.DispatcherServlet - Completed initialization in 1 ms
2023-23-10 10:23:00.653 [main] INFO  ru.project.IStudyEnglish.Main - Starting Main using Java 18.0.2 on MacBook-Air-Vladimir.local with PID 37604 (/Users/vladimir/IdeaProjects/IStudyEnglish/target/classes started by vladimir in /Users/vladimir/IdeaProjects/IStudyEnglish)
2023-23-10 10:23:00.656 [main] INFO  ru.project.IStudyEnglish.Main - The following 1 profile is active: """"
2023-23-10 10:23:01.112 [main] INFO  org.springframework.boot.web.embedded.tomcat.TomcatWebServer - Tomcat initialized with port(s): 8080 (http)
2023-23-10 10:23:01.158 [main] INFO  org.springframework.boot.web.servlet.context.ServletWebServerApplicationContext - Root WebApplicationContext: initialization completed in 484 ms
2023-23-10 10:23:01.197 [main] ERROR ru.project.IStudyEnglish.TestDI.wheel - wheel created
2023-23-10 10:23:01.197 [main] ERROR ru.project.IStudyEnglish.TestDI.wheel - wheel created
2023-23-10 10:23:01.198 [main] ERROR ru.project.IStudyEnglish.TestDI.wheel - wheel created
2023-23-10 10:23:01.198 [main] ERROR ru.project.IStudyEnglish.TestDI.wheel - wheel created
2023-23-10 10:23:01.199 [main] ERROR ru.project.IStudyEnglish.TestDI.Car - car ru.project.IStudyEnglish.TestDI.Color@3b55dd15 created
2023-23-10 10:23:01.588 [main] INFO  org.springframework.boot.web.embedded.tomcat.TomcatWebServer - Tomcat started on port(s): 8080 (http) with context path ''
2023-23-10 10:23:01.593 [main] INFO  ru.project.IStudyEnglish.Main - Started Main in 1.073 seconds (JVM running for 1.448)
2023-23-10 10:23:01.594 [main] INFO  ru.project.IStudyEnglish.Main - The application is started
2023-23-10 10:23:04.007 [http-nio-8080-exec-1] INFO  org.springframework.web.servlet.DispatcherServlet - Initializing Servlet 'dispatcherServlet'
2023-23-10 10:23:04.009 [http-nio-8080-exec-1] INFO  org.springframework.web.servlet.DispatcherServlet - Completed initialization in 1 ms
2023-23-10 10:23:47.929 [main] INFO  ru.project.IStudyEnglish.Main - Starting Main using Java 18.0.2 on MacBook-Air-Vladimir.local with PID 37617 (/Users/vladimir/IdeaProjects/IStudyEnglish/target/classes started by vladimir in /Users/vladimir/IdeaProjects/IStudyEnglish)
2023-23-10 10:23:47.933 [main] INFO  ru.project.IStudyEnglish.Main - The following 1 profile is active: """"
2023-23-10 10:23:48.379 [main] INFO  org.springframework.boot.web.embedded.tomcat.TomcatWebServer - Tomcat initialized with port(s): 8080 (http)
2023-23-10 10:23:48.426 [main] INFO  org.springframework.boot.web.servlet.context.ServletWebServerApplicationContext - Root WebApplicationContext: initialization completed in 474 ms
2023-23-10 10:23:48.464 [main] ERROR ru.project.IStudyEnglish.TestDI.wheel - wheel created
2023-23-10 10:23:48.464 [main] ERROR ru.project.IStudyEnglish.TestDI.wheel - wheel created
2023-23-10 10:23:48.464 [main] ERROR ru.project.IStudyEnglish.TestDI.wheel - wheel created
2023-23-10 10:23:48.464 [main] ERROR ru.project.IStudyEnglish.TestDI.wheel - wheel created
2023-23-10 10:23:48.466 [main] ERROR ru.project.IStudyEnglish.TestDI.Car - car ru.project.IStudyEnglish.TestDI.Color@3ba3d4b6 created
2023-23-10 10:23:48.973 [main] INFO  org.springframework.boot.web.embedded.tomcat.TomcatWebServer - Tomcat started on port(s): 8080 (http) with context path ''
2023-23-10 10:23:48.978 [main] INFO  ru.project.IStudyEnglish.Main - Started Main in 1.175 seconds (JVM running for 1.536)
2023-23-10 10:23:48.979 [main] INFO  ru.project.IStudyEnglish.Main - The application is started
2023-23-10 10:23:50.701 [http-nio-8080-exec-1] INFO  org.springframework.web.servlet.DispatcherServlet - Initializing Servlet 'dispatcherServlet'
2023-23-10 10:23:50.702 [http-nio-8080-exec-1] INFO  org.springframework.web.servlet.DispatcherServlet - Completed initialization in 1 ms
2023-24-10 10:24:30.803 [main] INFO  ru.project.IStudyEnglish.Main - Starting Main using Java 18.0.2 on MacBook-Air-Vladimir.local with PID 37626 (/Users/vladimir/IdeaProjects/IStudyEnglish/target/classes started by vladimir in /Users/vladimir/IdeaProjects/IStudyEnglish)
2023-24-10 10:24:30.806 [main] INFO  ru.project.IStudyEnglish.Main - The following 1 profile is active: """"
2023-24-10 10:24:31.268 [main] INFO  org.springframework.boot.web.embedded.tomcat.TomcatWebServer - Tomcat initialized with port(s): 8080 (http)
2023-24-10 10:24:31.312 [main] INFO  org.springframework.boot.web.servlet.context.ServletWebServerApplicationContext - Root WebApplicationContext: initialization completed in 487 ms
2023-24-10 10:24:31.350 [main] ERROR ru.project.IStudyEnglish.TestDI.wheel - wheel created
2023-24-10 10:24:31.350 [main] ERROR ru.project.IStudyEnglish.TestDI.wheel - wheel created
2023-24-10 10:24:31.351 [main] ERROR ru.project.IStudyEnglish.TestDI.wheel - wheel created
2023-24-10 10:24:31.351 [main] ERROR ru.project.IStudyEnglish.TestDI.wheel - wheel created
2023-24-10 10:24:31.352 [main] ERROR ru.project.IStudyEnglish.TestDI.Car - car ru.project.IStudyEnglish.TestDI.Color@558b4942 created
2023-24-10 10:24:31.730 [main] INFO  org.springframework.boot.web.embedded.tomcat.TomcatWebServer - Tomcat started on port(s): 8080 (http) with context path ''
2023-24-10 10:24:31.735 [main] INFO  ru.project.IStudyEnglish.Main - Started Main in 1.072 seconds (JVM running for 1.695)
2023-24-10 10:24:31.736 [main] INFO  ru.project.IStudyEnglish.Main - The application is started
2023-24-10 10:24:41.844 [http-nio-8080-exec-1] INFO  org.springframework.web.servlet.DispatcherServlet - Initializing Servlet 'dispatcherServlet'
2023-24-10 10:24:41.846 [http-nio-8080-exec-1] INFO  org.springframework.web.servlet.DispatcherServlet - Completed initialization in 1 ms
